<?xml version="1.0" encoding="UTF-8"?>
<!-- Generated by org.testng.reporters.JUnitXMLReporter -->
<testsuite hostname="LAPTOP-52RVL5RP" ignored="0" name="BankingApp Test(failed)" tests="4" failures="3" timestamp="26 Oct 2021 15:19:59 GMT" time="28.58" errors="0">
  <testcase name="loginDDT" time="5.142" classname="com.Guru99BankingV1.testCases.TC_LoginDDT_002">
    <failure type="java.lang.AssertionError" message="expected [true] but found [false]">
      <![CDATA[java.lang.AssertionError: expected [true] but found [false]
at com.Guru99BankingV1.testCases.TC_LoginDDT_002.loginDDT(TC_LoginDDT_002.java:30)
... Removed 29 stack frames]]>
    </failure>
  </testcase> <!-- loginDDT -->
  <testcase name="loginDDT" time="4.709" classname="com.Guru99BankingV1.testCases.TC_LoginDDT_002">
    <failure type="java.lang.AssertionError" message="expected [true] but found [false]">
      <![CDATA[java.lang.AssertionError: expected [true] but found [false]
at com.Guru99BankingV1.testCases.TC_LoginDDT_002.loginDDT(TC_LoginDDT_002.java:30)
... Removed 29 stack frames]]>
    </failure>
  </testcase> <!-- loginDDT -->
  <testcase name="loginDDT" time="5.597" classname="com.Guru99BankingV1.testCases.TC_LoginDDT_002">
    <failure type="java.lang.AssertionError" message="expected [true] but found [false]">
      <![CDATA[java.lang.AssertionError: expected [true] but found [false]
at com.Guru99BankingV1.testCases.TC_LoginDDT_002.loginDDT(TC_LoginDDT_002.java:30)
... Removed 29 stack frames]]>
    </failure>
  </testcase> <!-- loginDDT -->
  <testcase name="loginTest" time="1.416" classname="com.Guru99BankingV1.testCases.TC_LoginTest_001"/>
</testsuite> <!-- BankingApp Test(failed) -->
