<?xml version="1.0" encoding="UTF-8"?>
<!-- Generated by org.testng.reporters.JUnitXMLReporter -->
<testsuite hostname="LAPTOP-52RVL5RP" ignored="0" name="BankingApp Test" tests="7" failures="3" timestamp="26 Oct 2021 15:28:11 GMT" time="74.341" errors="0">
  <testcase name="loginTest" time="1.555" classname="com.Guru99BankingV1.testCases.TC_LoginTest_001"/>
  <testcase name="loginDDT" time="10.44" classname="com.Guru99BankingV1.testCases.TC_LoginDDT_002"/>
  <testcase name="loginDDT" time="5.765" classname="com.Guru99BankingV1.testCases.TC_LoginDDT_002">
    <failure type="java.lang.AssertionError" message="expected [true] but found [false]">
      <![CDATA[java.lang.AssertionError: expected [true] but found [false]
at com.Guru99BankingV1.testCases.TC_LoginDDT_002.loginDDT(TC_LoginDDT_002.java:32)
... Removed 29 stack frames]]>
    </failure>
  </testcase> <!-- loginDDT -->
  <testcase name="loginDDT" time="5.673" classname="com.Guru99BankingV1.testCases.TC_LoginDDT_002">
    <failure type="java.lang.AssertionError" message="expected [true] but found [false]">
      <![CDATA[java.lang.AssertionError: expected [true] but found [false]
at com.Guru99BankingV1.testCases.TC_LoginDDT_002.loginDDT(TC_LoginDDT_002.java:32)
... Removed 29 stack frames]]>
    </failure>
  </testcase> <!-- loginDDT -->
  <testcase name="loginDDT" time="9.667" classname="com.Guru99BankingV1.testCases.TC_LoginDDT_002"/>
  <testcase name="loginDDT" time="5.652" classname="com.Guru99BankingV1.testCases.TC_LoginDDT_002">
    <failure type="java.lang.AssertionError" message="expected [true] but found [false]">
      <![CDATA[java.lang.AssertionError: expected [true] but found [false]
at com.Guru99BankingV1.testCases.TC_LoginDDT_002.loginDDT(TC_LoginDDT_002.java:32)
... Removed 29 stack frames]]>
    </failure>
  </testcase> <!-- loginDDT -->
  <testcase name="addNewCustomer" time="16.007" classname="com.Guru99BankingV1.testCases.TC_AddCustomerTest_003"/>
</testsuite> <!-- BankingApp Test -->
